d:\nishi\documents\visual studio 2015\projects\showimagewpfsolution\opencvwpflib\x64\release\opencvwpflib.pch
d:\nishi\documents\visual studio 2015\projects\showimagewpfsolution\opencvwpflib\x64\release\vc140.pdb
d:\nishi\documents\visual studio 2015\projects\showimagewpfsolution\opencvwpflib\x64\release\stdafx.obj
d:\nishi\documents\visual studio 2015\projects\showimagewpfsolution\opencvwpflib\x64\release\opencvmatcli.obj
d:\nishi\documents\visual studio 2015\projects\showimagewpfsolution\opencvwpflib\x64\release\opencvmat.obj
d:\nishi\documents\visual studio 2015\projects\showimagewpfsolution\opencvwpflib\x64\release\assemblyinfo.obj
d:\nishi\documents\visual studio 2015\projects\showimagewpfsolution\opencvwpflib\x64\release\.netframework,version=v4.5.2.assemblyattributes.obj
d:\nishi\documents\visual studio 2015\projects\showimagewpfsolution\opencvwpflib\x64\release\.netframework,version=v4.5.2.assemblyattributes.asm
d:\nishi\documents\visual studio 2015\projects\showimagewpfsolution\x64\release\opencvwpflib.dll
d:\nishi\documents\visual studio 2015\projects\showimagewpfsolution\x64\release\opencvwpflib.pdb
d:\nishi\documents\visual studio 2015\projects\showimagewpfsolution\opencvwpflib\x64\release\app.res
d:\nishi\documents\visual studio 2015\projects\showimagewpfsolution\opencvwpflib\x64\release\opencvwpflib.vcxprojresolveassemblyreference.cache
d:\nishi\documents\visual studio 2015\projects\showimagewpfsolution\opencvwpflib\x64\release\opencvwpflib.tlog\cl.command.1.tlog
d:\nishi\documents\visual studio 2015\projects\showimagewpfsolution\opencvwpflib\x64\release\opencvwpflib.tlog\cl.read.1.tlog
d:\nishi\documents\visual studio 2015\projects\showimagewpfsolution\opencvwpflib\x64\release\opencvwpflib.tlog\cl.write.1.tlog
d:\nishi\documents\visual studio 2015\projects\showimagewpfsolution\opencvwpflib\x64\release\opencvwpflib.tlog\link.command.1.tlog
d:\nishi\documents\visual studio 2015\projects\showimagewpfsolution\opencvwpflib\x64\release\opencvwpflib.tlog\link.read.1.tlog
d:\nishi\documents\visual studio 2015\projects\showimagewpfsolution\opencvwpflib\x64\release\opencvwpflib.tlog\link.write.1.tlog
d:\nishi\documents\visual studio 2015\projects\showimagewpfsolution\opencvwpflib\x64\release\opencvwpflib.tlog\metagen.read.1.tlog
d:\nishi\documents\visual studio 2015\projects\showimagewpfsolution\opencvwpflib\x64\release\opencvwpflib.tlog\metagen.write.1.tlog
d:\nishi\documents\visual studio 2015\projects\showimagewpfsolution\opencvwpflib\x64\release\opencvwpflib.tlog\rc.command.1.tlog
d:\nishi\documents\visual studio 2015\projects\showimagewpfsolution\opencvwpflib\x64\release\opencvwpflib.tlog\rc.read.1.tlog
d:\nishi\documents\visual studio 2015\projects\showimagewpfsolution\opencvwpflib\x64\release\opencvwpflib.tlog\rc.write.1.tlog
d:\nishi\documents\visual studio 2015\projects\showimagewpfsolution\opencvwpflib\x64\release\opencvwpflib.tlog\tzres.dll.bi
